<?xml version="1.0" encoding="UTF-8" ?>
<testsuite tests="1" failures="0" name="no.hvl.dat110.rest.counters.AppTest" time="0.003" errors="0" skipped="0">
  <properties>
    <property name="idea.version" value="2020.2.3"/>
    <property name="java.runtime.name" value="OpenJDK Runtime Environment"/>
    <property name="java.vm.version" value="15.0.1+8"/>
    <property name="sun.boot.library.path" value="/home/adr/.other/.sdkman/candidates/java/15.0.1-zulu/lib"/>
    <property name="maven.multiModuleProjectDirectory" value="/home/adr/dev/programming/java/dat250/a1/sparkjava-counter"/>
    <property name="java.vm.vendor" value="Azul Systems, Inc."/>
    <property name="java.vendor.url" value="http://www.azulsystems.com/"/>
    <property name="guice.disable.misplaced.annotation.check" value="true"/>
    <property name="path.separator" value=":"/>
    <property name="java.vm.name" value="OpenJDK 64-Bit Server VM"/>
    <property name="user.country" value="US"/>
    <property name="sun.java.launcher" value="SUN_STANDARD"/>
    <property name="java.vm.specification.name" value="Java Virtual Machine Specification"/>
    <property name="user.dir" value="/home/adr/dev/programming/java/dat250/a1/sparkjava-counter"/>
    <property name="java.vm.compressedOopsMode" value="Zero based"/>
    <property name="java.runtime.version" value="15.0.1+8"/>
    <property name="os.arch" value="amd64"/>
    <property name="java.io.tmpdir" value="/tmp"/>
    <property name="line.separator" value="
"/>
    <property name="java.vm.specification.vendor" value="Oracle Corporation"/>
    <property name="os.name" value="Linux"/>
    <property name="maven.ext.class.path" value="/home/adr/.local/share/JetBrains/Toolbox/apps/IDEA-C/ch-0/202.7660.26/plugins/maven/lib/maven-event-listener.jar"/>
    <property name="classworlds.conf" value="/home/adr/.local/share/JetBrains/Toolbox/apps/IDEA-C/ch-0/202.7660.26/plugins/maven/lib/maven3/bin/m2.conf"/>
    <property name="sun.jnu.encoding" value="UTF-8"/>
    <property name="java.library.path" value="/usr/java/packages/lib:/usr/lib64:/lib64:/lib:/usr/lib"/>
    <property name="maven.conf" value="/home/adr/.local/share/JetBrains/Toolbox/apps/IDEA-C/ch-0/202.7660.26/plugins/maven/lib/maven3/conf"/>
    <property name="jdk.debug" value="release"/>
    <property name="java.class.version" value="59.0"/>
    <property name="java.specification.name" value="Java Platform API Specification"/>
    <property name="sun.management.compiler" value="HotSpot 64-Bit Tiered Compilers"/>
    <property name="os.version" value="5.13.19-100.fc33.x86_64"/>
    <property name="user.home" value="/home/adr"/>
    <property name="user.timezone" value="Europe/Oslo"/>
    <property name="file.encoding" value="UTF-8"/>
    <property name="java.specification.version" value="15"/>
    <property name="user.name" value="adr"/>
    <property name="java.class.path" value="/home/adr/.local/share/JetBrains/Toolbox/apps/IDEA-C/ch-0/202.7660.26/plugins/maven/lib/maven3/boot/plexus-classworlds-2.6.0.jar:/home/adr/.local/share/JetBrains/Toolbox/apps/IDEA-C/ch-0/202.7660.26/plugins/maven/lib/maven3/boot/plexus-classworlds.license"/>
    <property name="java.vm.specification.version" value="15"/>
    <property name="sun.arch.data.model" value="64"/>
    <property name="sun.java.command" value="org.codehaus.classworlds.Launcher -Didea.version=2020.2.3 install"/>
    <property name="java.home" value="/home/adr/.other/.sdkman/candidates/java/15.0.1-zulu"/>
    <property name="user.language" value="en"/>
    <property name="java.specification.vendor" value="Oracle Corporation"/>
    <property name="java.vm.info" value="mixed mode, sharing"/>
    <property name="java.version" value="15.0.1"/>
    <property name="securerandom.source" value="file:/dev/./urandom"/>
    <property name="java.vendor" value="Azul Systems, Inc."/>
    <property name="maven.home" value="/home/adr/.local/share/JetBrains/Toolbox/apps/IDEA-C/ch-0/202.7660.26/plugins/maven/lib/maven3"/>
    <property name="file.separator" value="/"/>
    <property name="java.version.date" value="2020-10-20"/>
    <property name="java.vendor.url.bug" value="http://www.azulsystems.com/support/"/>
    <property name="sun.io.unicode.encoding" value="UnicodeLittle"/>
    <property name="sun.cpu.endian" value="little"/>
    <property name="java.vendor.version" value="Zulu15.28+13-CA"/>
  </properties>
  <testcase classname="no.hvl.dat110.rest.counters.AppTest" name="testApp" time="0.003"/>
</testsuite>